#
# There is insufficient memory for the Java Runtime Environment to continue.
# Native memory allocation (malloc) failed to allocate 1048576 bytes. Error detail: AllocateHeap
# Possible reasons:
#   The system is out of physical RAM or swap space
#   This process is running with CompressedOops enabled, and the Java Heap may be blocking the growth of the native heap
# Possible solutions:
#   Reduce memory load on the system
#   Increase physical memory or swap space
#   Check if swap backing store is full
#   Decrease Java heap size (-Xmx/-Xms)
#   Decrease number of Java threads
#   Decrease Java thread stack sizes (-Xss)
#   Set larger code cache with -XX:ReservedCodeCacheSize=
#   JVM is running with Unscaled Compressed Oops mode in which the Java heap is
#     placed in the first 4GB address space. The Java Heap base address is the
#     maximum limit for the native heap growth. Please use -XX:HeapBaseMinAddress
#     to set the Java Heap base and to place the Java Heap above 4GB virtual address.
# This output file may be truncated or incomplete.
#
#  Out of Memory Error (allocation.cpp:44), pid=5020, tid=7308
#
# JRE version:  (17.0.12+7) (build )
# Java VM: OpenJDK 64-Bit Server VM (17.0.12+7-LTS, mixed mode, sharing, tiered, compressed oops, compressed class ptrs, g1 gc, windows-amd64)
# No core dump will be written. Minidumps are not enabled by default on client versions of Windows
#

---------------  S U M M A R Y ------------

Command Line: -Xmx64m -Xms64m -Dorg.gradle.appname=gradlew org.gradle.wrapper.GradleWrapperMain app:installDebug -PreactNativeDevServerPort=8081

Host: 11th Gen Intel(R) Core(TM) i5-11400H @ 2.70GHz, 12 cores, 15G,  Windows 11 , 64 bit Build 22621 (10.0.22621.3958)
Time: Tue Sep 17 16:49:10 2024 SE Asia Standard Time elapsed time: 0.035364 seconds (0d 0h 0m 0s)

---------------  T H R E A D  ---------------

Current thread (0x000001a43667e9d0):  JavaThread "Unknown thread" [_thread_in_vm, id=7308, stack(0x000000781be00000,0x000000781bf00000)]

Stack: [0x000000781be00000,0x000000781bf00000]
Native frames: (J=compiled Java code, j=interpreted, Vv=VM code, C=native code)
V  [jvm.dll+0x686d99]
V  [jvm.dll+0x83daf8]
V  [jvm.dll+0x83f5a3]
V  [jvm.dll+0x83fc13]
V  [jvm.dll+0x2492ef]
V  [jvm.dll+0xa7793]
V  [jvm.dll+0x2eae12]
V  [jvm.dll+0x2e298b]
V  [jvm.dll+0x80faab]
V  [jvm.dll+0x370241]
V  [jvm.dll+0x7ee6bf]
V  [jvm.dll+0x3f6ccf]
V  [jvm.dll+0x3f87f1]
C  [jli.dll+0x5284]
C  [ucrtbase.dll+0x29333]
C  [KERNEL32.DLL+0x1257d]
C  [ntdll.dll+0x5af28]


---------------  P R O C E S S  ---------------

Threads class SMR info:
_java_thread_list=0x00007ffc1291cf98, length=0, elements={
}

Java Threads: ( => current thread )

Other Threads:
  0x000001a43669e020 GCTaskThread "GC Thread#0" [stack: 0x000000781bf00000,0x000000781c000000] [id=6072]

[error occurred during error reporting (printing all threads), id 0xc0000005, EXCEPTION_ACCESS_VIOLATION (0xc0000005) at pc=0x00007ffc120cfb30]

VM state: not at safepoint (not fully initialized)

VM Mutex/Monitor currently owned by a thread:  ([mutex/lock_event])
[0x000001a436679f60] Heap_lock - owner thread: 0x000001a43667e9d0

Heap address: 0x00000000fc000000, size: 64 MB, Compressed Oops mode: 32-bit

CDS archive(s) mapped at: [0x0000000000000000-0x0000000000000000-0x0000000000000000), size 0, SharedBaseAddress: 0x0000000800000000, ArchiveRelocationMode: 1.
Narrow klass base: 0x0000000000000000, Narrow klass shift: 0, Narrow klass range: 0x0

GC Precious Log:
<Empty>

Heap:
 garbage-first heap   total 0K, used 0K [0x00000000fc000000, 0x0000000100000000)
  region size 1024K, 0 young (0K), 0 survivors (0K)

[error occurred during error reporting (printing heap information), id 0xc0000005, EXCEPTION_ACCESS_VIOLATION (0xc0000005) at pc=0x00007ffc124c0a39]

GC Heap History (0 events):
No events

Dll operation events (1 events):
Event: 0.010 Loaded shared library C:\Program Files\Microsoft\jdk-17.0.12.7-hotspot\bin\java.dll

Deoptimization events (0 events):
No events

Classes loaded (0 events):
No events

Classes unloaded (0 events):
No events

Classes redefined (0 events):
No events

Internal exceptions (0 events):
No events

VM Operations (0 events):
No events

Events (0 events):
No events


Dynamic libraries:
0x00007ff647c90000 - 0x00007ff647c9e000 	C:\Program Files\Microsoft\jdk-17.0.12.7-hotspot\bin\java.exe
0x00007ffcb9350000 - 0x00007ffcb9567000 	C:\Windows\SYSTEM32\ntdll.dll
0x00007ffcb7df0000 - 0x00007ffcb7eb4000 	C:\Windows\System32\KERNEL32.DLL
0x00007ffcb6a00000 - 0x00007ffcb6dad000 	C:\Windows\System32\KERNELBASE.dll
0x00007ffcb6f60000 - 0x00007ffcb7071000 	C:\Windows\System32\ucrtbase.dll
0x00007ffc77470000 - 0x00007ffc77487000 	C:\Program Files\Microsoft\jdk-17.0.12.7-hotspot\bin\jli.dll
0x00007ffc77450000 - 0x00007ffc7746d000 	C:\Program Files\Microsoft\jdk-17.0.12.7-hotspot\bin\VCRUNTIME140.dll
0x00007ffcb83f0000 - 0x00007ffcb859e000 	C:\Windows\System32\USER32.dll
0x00007ffc86de0000 - 0x00007ffc87073000 	C:\Windows\WinSxS\amd64_microsoft.windows.common-controls_6595b64144ccf1df_6.0.22621.3672_none_2713b9d173822955\COMCTL32.dll
0x00007ffcb6670000 - 0x00007ffcb6696000 	C:\Windows\System32\win32u.dll
0x00007ffcb8d50000 - 0x00007ffcb8df7000 	C:\Windows\System32\msvcrt.dll
0x00007ffcb7dc0000 - 0x00007ffcb7de9000 	C:\Windows\System32\GDI32.dll
0x00007ffcb66a0000 - 0x00007ffcb67b9000 	C:\Windows\System32\gdi32full.dll
0x00007ffcb6960000 - 0x00007ffcb69fa000 	C:\Windows\System32\msvcp_win.dll
0x00007ffcb8d10000 - 0x00007ffcb8d41000 	C:\Windows\System32\IMM32.DLL
0x00007ffc7bcd0000 - 0x00007ffc7bcdc000 	C:\Program Files\Microsoft\jdk-17.0.12.7-hotspot\bin\vcruntime140_1.dll
0x00007ffc76e30000 - 0x00007ffc76ebd000 	C:\Program Files\Microsoft\jdk-17.0.12.7-hotspot\bin\msvcp140.dll
0x00007ffc11de0000 - 0x00007ffc12a50000 	C:\Program Files\Microsoft\jdk-17.0.12.7-hotspot\bin\server\jvm.dll
0x00007ffcb7080000 - 0x00007ffcb7132000 	C:\Windows\System32\ADVAPI32.dll
0x00007ffcb7140000 - 0x00007ffcb71e9000 	C:\Windows\System32\sechost.dll
0x00007ffcb67c0000 - 0x00007ffcb67e8000 	C:\Windows\System32\bcrypt.dll
0x00007ffcb8030000 - 0x00007ffcb8144000 	C:\Windows\System32\RPCRT4.dll
0x00007ffcb7b90000 - 0x00007ffcb7c01000 	C:\Windows\System32\WS2_32.dll
0x00007ffcae250000 - 0x00007ffcae284000 	C:\Windows\SYSTEM32\WINMM.dll
0x00007ffcab470000 - 0x00007ffcab47a000 	C:\Windows\SYSTEM32\VERSION.dll
0x00007ffcb5520000 - 0x00007ffcb556d000 	C:\Windows\SYSTEM32\POWRPROF.dll
0x00007ffcb5500000 - 0x00007ffcb5513000 	C:\Windows\SYSTEM32\UMPDC.dll
0x00007ffcb5710000 - 0x00007ffcb5728000 	C:\Windows\SYSTEM32\kernel.appcore.dll
0x00007ffc7a8d0000 - 0x00007ffc7a8da000 	C:\Program Files\Microsoft\jdk-17.0.12.7-hotspot\bin\jimage.dll
0x00007ffcb3fc0000 - 0x00007ffcb41f2000 	C:\Windows\SYSTEM32\DBGHELP.DLL
0x00007ffcb87c0000 - 0x00007ffcb8b4e000 	C:\Windows\System32\combase.dll
0x00007ffcb82b0000 - 0x00007ffcb8387000 	C:\Windows\System32\OLEAUT32.dll
0x00007ffc77d90000 - 0x00007ffc77dc2000 	C:\Windows\SYSTEM32\dbgcore.DLL
0x00007ffcb6ee0000 - 0x00007ffcb6f5b000 	C:\Windows\System32\bcryptPrimitives.dll
0x00007ffc76e00000 - 0x00007ffc76e25000 	C:\Program Files\Microsoft\jdk-17.0.12.7-hotspot\bin\java.dll

dbghelp: loaded successfully - version: 4.0.5 - missing functions: none
symbol engine: initialized successfully - sym options: 0x614 - pdb path: .;C:\Program Files\Microsoft\jdk-17.0.12.7-hotspot\bin;C:\Windows\SYSTEM32;C:\Windows\WinSxS\amd64_microsoft.windows.common-controls_6595b64144ccf1df_6.0.22621.3672_none_2713b9d173822955;C:\Program Files\Microsoft\jdk-17.0.12.7-hotspot\bin\server

VM Arguments:
jvm_args: -Xmx64m -Xms64m -Dorg.gradle.appname=gradlew 
java_command: org.gradle.wrapper.GradleWrapperMain app:installDebug -PreactNativeDevServerPort=8081
java_class_path (initial): C:\Users\Arthur MacTavish\Desktop\Notaries\android\\gradle\wrapper\gradle-wrapper.jar
Launcher Type: SUN_STANDARD

[Global flags]
     intx CICompilerCount                          = 4                                         {product} {ergonomic}
     uint ConcGCThreads                            = 3                                         {product} {ergonomic}
     uint G1ConcRefinementThreads                  = 10                                        {product} {ergonomic}
   size_t G1HeapRegionSize                         = 1048576                                   {product} {ergonomic}
    uintx GCDrainStackTargetSize                   = 64                                        {product} {ergonomic}
   size_t InitialHeapSize                          = 67108864                                  {product} {command line}
   size_t MarkStackSize                            = 4194304                                   {product} {ergonomic}
   size_t MaxHeapSize                              = 67108864                                  {product} {command line}
   size_t MinHeapDeltaBytes                        = 1048576                                   {product} {ergonomic}
   size_t MinHeapSize                              = 67108864                                  {product} {command line}
    uintx NonNMethodCodeHeapSize                   = 5839372                                {pd product} {ergonomic}
    uintx NonProfiledCodeHeapSize                  = 122909434                              {pd product} {ergonomic}
    uintx ProfiledCodeHeapSize                     = 122909434                              {pd product} {ergonomic}
    uintx ReservedCodeCacheSize                    = 251658240                              {pd product} {ergonomic}
     bool SegmentedCodeCache                       = true                                      {product} {ergonomic}
   size_t SoftMaxHeapSize                          = 67108864                               {manageable} {ergonomic}
     bool UseCompressedClassPointers               = true                           {product lp64_product} {ergonomic}
     bool UseCompressedOops                        = true                           {product lp64_product} {ergonomic}
     bool UseG1GC                                  = true                                      {product} {ergonomic}
     bool UseLargePagesIndividualAllocation        = false                                  {pd product} {ergonomic}

Logging:
Log output configuration:
 #0: stdout all=warning uptime,level,tags
 #1: stderr all=off uptime,level,tags

Environment Variables:
JAVA_HOME=C:\Program Files\Microsoft\jdk-17.0.12.7-hotspot\
CLASSPATH=C:\Users\Arthur MacTavish\Desktop\Notaries\android\\gradle\wrapper\gradle-wrapper.jar
PATH=C:\Users\Arthur MacTavish\Desktop\Notaries\node_modules\.bin;C:\Users\Arthur MacTavish\Desktop\node_modules\.bin;C:\Users\Arthur MacTavish\node_modules\.bin;C:\Users\node_modules\.bin;C:\node_modules\.bin;C:\Program Files\nodejs\node_modules\npm\node_modules\@npmcli\run-script\lib\node-gyp-bin;C:\Program Files\PowerShell\7;C:\Program Files\Microsoft\jdk-17.0.12.7-hotspot\bin;C:\Program Files\Common Files\Oracle\Java\javapath;C:\Program Files (x86)\Common Files\Oracle\Java\java8path;C:\Program Files (x86)\Common Files\Oracle\Java\javapath;C:\Windows\system32;C:\Windows;C:\Windows\System32\Wbem;C:\Windows\System32\WindowsPowerShell\v1.0\;C:\Windows\System32\OpenSSH\;C:\Program Files\dotnet\;C:\Program Files (x86)\NVIDIA Corporation\PhysX\Common;C:\Program Files\NVIDIA Corporation\NVIDIA app\NvDLISR;C:\Program Files\nodejs\;C:\ProgramData\chocolatey\bin;C:\Program Files\Git\cmd;C:\Program Files\PowerShell\7\;C:\Users\Arthur MacTavish\AppData\Local\Programs\Python\Python312\Scripts\;C:\Users\Arthur MacTavish\AppData\Local\Programs\Python\Python312\;C:\Users\Arthur MacTavish\AppData\Local\Microsoft\WindowsApps;E:\Software\FFMPEG\bin;C:\Users\Arthur MacTavish\AppData\Local\Programs\Microsoft VS Code\bin;E:\Software\CLI App;E:\Software\php-8.3.11-nts-Win32-vs16-x64;C:\Users\Arthur MacTavish\AppData\Local\Programs\oh-my-posh\bin;C:\Users\Arthur MacTavish\AppData\Roaming\npm;C:\Users\Arthur MacTavish\AppData\Local\Android\Sdk;C:\Users\Arthur MacTavish\AppData\Local\Android\Sdk\platform-tools;C:\Users\Arthur MacTavish\AppData\Local\GitHubDesktop\bin
USERNAME=Arthur MacTavish
LANG=en_US.UTF-8
OS=Windows_NT
PROCESSOR_IDENTIFIER=Intel64 Family 6 Model 141 Stepping 1, GenuineIntel
TMP=C:\Users\ARTHUR~1\AppData\Local\Temp
TEMP=C:\Users\ARTHUR~1\AppData\Local\Temp



Periodic native trim disabled


---------------  S Y S T E M  ---------------

OS:
 Windows 11 , 64 bit Build 22621 (10.0.22621.3958)
OS uptime: 0 days 0:04 hours

CPU: total 12 (initial active 12) (6 cores per cpu, 2 threads per core) family 6 model 141 stepping 1 microcode 0x3c, cx8, cmov, fxsr, ht, mmx, 3dnowpref, sse, sse2, sse3, ssse3, sse4.1, sse4.2, popcnt, lzcnt, tsc, tscinvbit, avx, avx2, aes, erms, clmul, bmi1, bmi2, adx, avx512f, avx512dq, avx512cd, avx512bw, avx512vl, sha, fma, vzeroupper, avx512_vpopcntdq, avx512_vpclmulqdq, avx512_vaes, avx512_vnni, clflush, clflushopt, clwb, avx512_vbmi2, avx512_vbmi
Processor Information for the first 12 processors :
  Max Mhz: 2688, Current Mhz: 2688, Mhz Limit: 2688

Memory: 4k page, system-wide physical 16163M (154M free)
TotalPageFile size 47325M (AvailPageFile size 2M)
current process WorkingSet (physical memory assigned to process): 11M, peak: 11M
current process commit charge ("private bytes"): 53M, peak: 54M

vm_info: OpenJDK 64-Bit Server VM (17.0.12+7-LTS) for windows-amd64 JRE (17.0.12+7-LTS), built on Jul 16 2024 18:11:44 by "MicrosoftCorporation" with unknown MS VC++:1939

END.
